{"time":"2024-10-07T13:20:03.624873+11:00","level":"INFO","source":{"function":"main.setupLogger","file":"/Users/joshtheeuf/Github/emaildrafter/main.go","line":135},"msg":"Logging setup complete","mode":"dev"}
{"time":"2024-10-07T13:20:03.827098+11:00","level":"INFO","source":{"function":"main.runPeriodicDrafter","file":"/Users/joshtheeuf/Github/emaildrafter/main.go","line":212},"msg":"Starting Drafter"}
{"time":"2024-10-07T13:20:03.83135+11:00","level":"INFO","source":{"function":"main.main","file":"/Users/joshtheeuf/Github/emaildrafter/main.go","line":56},"msg":"Your app is running","host":":8080"}
{"time":"2024-10-07T13:21:08.825029+11:00","level":"INFO","source":{"function":"main.setupLogger","file":"/Users/joshtheeuf/Github/emaildrafter/main.go","line":135},"msg":"Logging setup complete","mode":"dev"}
{"time":"2024-10-07T13:21:08.98749+11:00","level":"INFO","source":{"function":"main.runPeriodicDrafter","file":"/Users/joshtheeuf/Github/emaildrafter/main.go","line":212},"msg":"Starting Drafter"}
{"time":"2024-10-07T13:21:08.988913+11:00","level":"INFO","source":{"function":"main.main","file":"/Users/joshtheeuf/Github/emaildrafter/main.go","line":56},"msg":"Your app is running","host":":8080"}
{"time":"2024-10-07T13:22:36.398951+11:00","level":"INFO","source":{"function":"main.setupLogger","file":"/Users/joshtheeuf/Github/emaildrafter/main.go","line":135},"msg":"Logging setup complete","mode":"dev"}
{"time":"2024-10-07T13:22:36.552945+11:00","level":"INFO","source":{"function":"main.runPeriodicDrafter","file":"/Users/joshtheeuf/Github/emaildrafter/main.go","line":212},"msg":"Starting Drafter"}
{"time":"2024-10-07T13:22:36.553954+11:00","level":"INFO","source":{"function":"main.main","file":"/Users/joshtheeuf/Github/emaildrafter/main.go","line":56},"msg":"Your app is running","host":":8080"}
{"time":"2024-10-07T13:23:36.966226+11:00","level":"INFO","source":{"function":"main.setupLogger","file":"/Users/joshtheeuf/Github/emaildrafter/main.go","line":135},"msg":"Logging setup complete","mode":"dev"}
{"time":"2024-10-07T13:23:37.120115+11:00","level":"INFO","source":{"function":"main.runPeriodicDrafter","file":"/Users/joshtheeuf/Github/emaildrafter/main.go","line":212},"msg":"Starting Drafter"}
{"time":"2024-10-07T13:23:37.121401+11:00","level":"INFO","source":{"function":"main.main","file":"/Users/joshtheeuf/Github/emaildrafter/main.go","line":56},"msg":"Your app is running","host":":8080"}
{"time":"2024-10-07T13:25:40.268024+11:00","level":"INFO","source":{"function":"main.setupLogger","file":"/Users/joshtheeuf/Github/emaildrafter/main.go","line":135},"msg":"Logging setup complete","mode":"dev"}
{"time":"2024-10-07T13:25:40.458109+11:00","level":"INFO","source":{"function":"main.runPeriodicDrafter","file":"/Users/joshtheeuf/Github/emaildrafter/main.go","line":212},"msg":"Starting Drafter"}
{"time":"2024-10-07T13:25:40.45891+11:00","level":"INFO","source":{"function":"main.main","file":"/Users/joshtheeuf/Github/emaildrafter/main.go","line":56},"msg":"Your app is running","host":":8080"}
{"time":"2024-10-07T13:26:18.726306+11:00","level":"INFO","source":{"function":"main.setupLogger","file":"/Users/joshtheeuf/Github/emaildrafter/main.go","line":135},"msg":"Logging setup complete","mode":"dev"}
{"time":"2024-10-07T13:26:18.874761+11:00","level":"INFO","source":{"function":"main.runPeriodicDrafter","file":"/Users/joshtheeuf/Github/emaildrafter/main.go","line":212},"msg":"Starting Drafter"}
{"time":"2024-10-07T13:26:18.875764+11:00","level":"INFO","source":{"function":"main.main","file":"/Users/joshtheeuf/Github/emaildrafter/main.go","line":56},"msg":"Your app is running","host":":8080"}
{"time":"2024-10-07T13:27:23.909772+11:00","level":"INFO","source":{"function":"main.setupLogger","file":"/Users/joshtheeuf/Github/emaildrafter/main.go","line":135},"msg":"Logging setup complete","mode":"dev"}
{"time":"2024-10-07T13:27:24.058607+11:00","level":"INFO","source":{"function":"main.runPeriodicDrafter","file":"/Users/joshtheeuf/Github/emaildrafter/main.go","line":212},"msg":"Starting Drafter"}
{"time":"2024-10-07T13:27:24.060315+11:00","level":"INFO","source":{"function":"main.main","file":"/Users/joshtheeuf/Github/emaildrafter/main.go","line":56},"msg":"Your app is running","host":":8080"}
{"time":"2024-10-07T13:28:07.042379+11:00","level":"INFO","source":{"function":"main.setupLogger","file":"/Users/joshtheeuf/Github/emaildrafter/main.go","line":135},"msg":"Logging setup complete","mode":"dev"}
{"time":"2024-10-07T13:28:07.191804+11:00","level":"INFO","source":{"function":"main.runPeriodicDrafter","file":"/Users/joshtheeuf/Github/emaildrafter/main.go","line":212},"msg":"Starting Drafter"}
{"time":"2024-10-07T13:28:07.192722+11:00","level":"INFO","source":{"function":"main.main","file":"/Users/joshtheeuf/Github/emaildrafter/main.go","line":56},"msg":"Your app is running","host":":8080"}
{"time":"2024-10-07T13:28:38.049429+11:00","level":"INFO","source":{"function":"main.setupLogger","file":"/Users/joshtheeuf/Github/emaildrafter/main.go","line":135},"msg":"Logging setup complete","mode":"dev"}
{"time":"2024-10-07T13:28:38.232975+11:00","level":"INFO","source":{"function":"main.runPeriodicDrafter","file":"/Users/joshtheeuf/Github/emaildrafter/main.go","line":212},"msg":"Starting Drafter"}
{"time":"2024-10-07T13:28:38.233744+11:00","level":"INFO","source":{"function":"main.main","file":"/Users/joshtheeuf/Github/emaildrafter/main.go","line":56},"msg":"Your app is running","host":":8080"}
{"time":"2024-10-07T13:29:34.973455+11:00","level":"INFO","source":{"function":"main.setupLogger","file":"/Users/joshtheeuf/Github/emaildrafter/main.go","line":135},"msg":"Logging setup complete","mode":"dev"}
{"time":"2024-10-07T13:29:35.13066+11:00","level":"INFO","source":{"function":"main.runPeriodicDrafter","file":"/Users/joshtheeuf/Github/emaildrafter/main.go","line":212},"msg":"Starting Drafter"}
{"time":"2024-10-07T13:29:35.13167+11:00","level":"INFO","source":{"function":"main.main","file":"/Users/joshtheeuf/Github/emaildrafter/main.go","line":56},"msg":"Your app is running","host":":8080"}
{"time":"2024-10-07T13:30:26.333779+11:00","level":"INFO","source":{"function":"main.setupLogger","file":"/Users/joshtheeuf/Github/emaildrafter/main.go","line":135},"msg":"Logging setup complete","mode":"dev"}
{"time":"2024-10-07T13:30:26.480211+11:00","level":"INFO","source":{"function":"main.runPeriodicDrafter","file":"/Users/joshtheeuf/Github/emaildrafter/main.go","line":212},"msg":"Starting Drafter"}
{"time":"2024-10-07T13:30:26.481254+11:00","level":"INFO","source":{"function":"main.main","file":"/Users/joshtheeuf/Github/emaildrafter/main.go","line":56},"msg":"Your app is running","host":":8080"}
{"time":"2024-10-07T18:36:28.54825+11:00","level":"INFO","source":{"function":"main.setupLogger","file":"/Users/joshtheeuf/Github/emaildrafter/main.go","line":135},"msg":"Logging setup complete","mode":"dev"}
{"time":"2024-10-07T18:36:28.694192+11:00","level":"INFO","source":{"function":"main.runPeriodicDrafter","file":"/Users/joshtheeuf/Github/emaildrafter/main.go","line":212},"msg":"Starting Drafter"}
{"time":"2024-10-07T18:36:28.695113+11:00","level":"INFO","source":{"function":"main.main","file":"/Users/joshtheeuf/Github/emaildrafter/main.go","line":56},"msg":"Your app is running","host":":8080"}
{"time":"2024-10-07T19:52:40.169482+11:00","level":"INFO","source":{"function":"main.setupLogger","file":"/Users/joshtheeuf/Github/emaildrafter/main.go","line":135},"msg":"Logging setup complete","mode":"dev"}
{"time":"2024-10-07T19:52:40.357742+11:00","level":"INFO","source":{"function":"main.runPeriodicDrafter","file":"/Users/joshtheeuf/Github/emaildrafter/main.go","line":212},"msg":"Starting Drafter"}
{"time":"2024-10-07T19:52:40.35929+11:00","level":"INFO","source":{"function":"main.main","file":"/Users/joshtheeuf/Github/emaildrafter/main.go","line":56},"msg":"Your app is running","host":":8080"}
{"time":"2024-10-07T19:52:55.518765+11:00","level":"INFO","source":{"function":"main.Drafter","file":"/Users/joshtheeuf/Github/emaildrafter/main.go","line":278},"msg":"Composing email for user","userID":"b682b729-71b2-4ece-905c-bdd52f86b433"}
{"time":"2024-10-07T19:52:55.974268+11:00","level":"ERROR","source":{"function":"main.runPeriodicDrafter","file":"/Users/joshtheeuf/Github/emaildrafter/main.go","line":226},"msg":"Failed to run drafter","userID":"b682b729-71b2-4ece-905c-bdd52f86b433","error":"failed to get messages: googleapi: Error 401: Request had invalid authentication credentials. Expected OAuth 2 access token, login cookie or other valid authentication credential. See https://developers.google.com/identity/sign-in/web/devconsole-project.\nMore details:\nReason: authError, Message: Invalid Credentials\n"}
{"time":"2024-10-07T19:53:10.514758+11:00","level":"INFO","source":{"function":"main.Drafter","file":"/Users/joshtheeuf/Github/emaildrafter/main.go","line":278},"msg":"Composing email for user","userID":"b682b729-71b2-4ece-905c-bdd52f86b433"}
{"time":"2024-10-07T19:53:10.791123+11:00","level":"ERROR","source":{"function":"main.runPeriodicDrafter","file":"/Users/joshtheeuf/Github/emaildrafter/main.go","line":226},"msg":"Failed to run drafter","userID":"b682b729-71b2-4ece-905c-bdd52f86b433","error":"failed to get messages: googleapi: Error 401: Request had invalid authentication credentials. Expected OAuth 2 access token, login cookie or other valid authentication credential. See https://developers.google.com/identity/sign-in/web/devconsole-project.\nMore details:\nReason: authError, Message: Invalid Credentials\n"}
{"time":"2024-10-07T19:53:25.513117+11:00","level":"INFO","source":{"function":"main.Drafter","file":"/Users/joshtheeuf/Github/emaildrafter/main.go","line":278},"msg":"Composing email for user","userID":"b682b729-71b2-4ece-905c-bdd52f86b433"}
{"time":"2024-10-07T19:54:29.154731+11:00","level":"INFO","source":{"function":"main.setupLogger","file":"/Users/joshtheeuf/Github/emaildrafter/main.go","line":135},"msg":"Logging setup complete","mode":"dev"}
{"time":"2024-10-07T19:54:29.311608+11:00","level":"INFO","source":{"function":"main.runPeriodicDrafter","file":"/Users/joshtheeuf/Github/emaildrafter/main.go","line":212},"msg":"Starting Drafter"}
{"time":"2024-10-07T19:54:29.312433+11:00","level":"INFO","source":{"function":"main.main","file":"/Users/joshtheeuf/Github/emaildrafter/main.go","line":56},"msg":"Your app is running","host":":8080"}
{"time":"2024-10-07T19:54:44.490042+11:00","level":"INFO","source":{"function":"main.Drafter","file":"/Users/joshtheeuf/Github/emaildrafter/main.go","line":278},"msg":"Composing email for user","userID":"b682b729-71b2-4ece-905c-bdd52f86b433"}
{"time":"2024-10-07T19:55:05.210202+11:00","level":"INFO","source":{"function":"main.setupLogger","file":"/Users/joshtheeuf/Github/emaildrafter/main.go","line":135},"msg":"Logging setup complete","mode":"dev"}
{"time":"2024-10-07T19:55:05.384605+11:00","level":"INFO","source":{"function":"main.runPeriodicDrafter","file":"/Users/joshtheeuf/Github/emaildrafter/main.go","line":212},"msg":"Starting Drafter"}
{"time":"2024-10-07T19:55:05.385245+11:00","level":"INFO","source":{"function":"main.main","file":"/Users/joshtheeuf/Github/emaildrafter/main.go","line":56},"msg":"Your app is running","host":":8080"}
{"time":"2024-10-07T19:55:20.546684+11:00","level":"INFO","source":{"function":"main.Drafter","file":"/Users/joshtheeuf/Github/emaildrafter/main.go","line":278},"msg":"Composing email for user","userID":"b682b729-71b2-4ece-905c-bdd52f86b433"}
{"time":"2024-10-07T19:56:43.253496+11:00","level":"INFO","source":{"function":"main.setupLogger","file":"/Users/joshtheeuf/Github/emaildrafter/main.go","line":135},"msg":"Logging setup complete","mode":"dev"}
{"time":"2024-10-07T19:56:43.402173+11:00","level":"INFO","source":{"function":"main.runPeriodicDrafter","file":"/Users/joshtheeuf/Github/emaildrafter/main.go","line":212},"msg":"Starting Drafter"}
{"time":"2024-10-07T19:56:43.40385+11:00","level":"INFO","source":{"function":"main.main","file":"/Users/joshtheeuf/Github/emaildrafter/main.go","line":56},"msg":"Your app is running","host":":8080"}
{"time":"2024-10-07T19:56:58.553166+11:00","level":"INFO","source":{"function":"main.Drafter","file":"/Users/joshtheeuf/Github/emaildrafter/main.go","line":278},"msg":"Composing email for user","userID":"b682b729-71b2-4ece-905c-bdd52f86b433"}
{"time":"2024-10-07T19:57:12.929739+11:00","level":"INFO","source":{"function":"main.runPeriodicDrafter","file":"/Users/joshtheeuf/Github/emaildrafter/main.go","line":228},"msg":"Successfully ran drafter for user","userID":"b682b729-71b2-4ece-905c-bdd52f86b433"}
{"time":"2024-10-07T19:57:13.560368+11:00","level":"INFO","source":{"function":"main.Drafter","file":"/Users/joshtheeuf/Github/emaildrafter/main.go","line":278},"msg":"Composing email for user","userID":"b682b729-71b2-4ece-905c-bdd52f86b433"}
{"time":"2024-10-07T19:57:26.899906+11:00","level":"INFO","source":{"function":"main.runPeriodicDrafter","file":"/Users/joshtheeuf/Github/emaildrafter/main.go","line":228},"msg":"Successfully ran drafter for user","userID":"b682b729-71b2-4ece-905c-bdd52f86b433"}
{"time":"2024-10-07T19:57:28.563646+11:00","level":"INFO","source":{"function":"main.Drafter","file":"/Users/joshtheeuf/Github/emaildrafter/main.go","line":278},"msg":"Composing email for user","userID":"b682b729-71b2-4ece-905c-bdd52f86b433"}
{"time":"2024-10-07T19:57:41.516748+11:00","level":"INFO","source":{"function":"main.runPeriodicDrafter","file":"/Users/joshtheeuf/Github/emaildrafter/main.go","line":228},"msg":"Successfully ran drafter for user","userID":"b682b729-71b2-4ece-905c-bdd52f86b433"}
{"time":"2024-10-07T19:57:43.560748+11:00","level":"INFO","source":{"function":"main.Drafter","file":"/Users/joshtheeuf/Github/emaildrafter/main.go","line":278},"msg":"Composing email for user","userID":"b682b729-71b2-4ece-905c-bdd52f86b433"}
{"time":"2024-10-07T19:57:52.737652+11:00","level":"INFO","source":{"function":"main.runPeriodicDrafter","file":"/Users/joshtheeuf/Github/emaildrafter/main.go","line":228},"msg":"Successfully ran drafter for user","userID":"b682b729-71b2-4ece-905c-bdd52f86b433"}
{"time":"2024-10-07T19:57:58.562022+11:00","level":"INFO","source":{"function":"main.Drafter","file":"/Users/joshtheeuf/Github/emaildrafter/main.go","line":278},"msg":"Composing email for user","userID":"b682b729-71b2-4ece-905c-bdd52f86b433"}
{"time":"2024-10-07T19:58:39.919124+11:00","level":"INFO","source":{"function":"main.setupLogger","file":"/Users/joshtheeuf/Github/emaildrafter/main.go","line":135},"msg":"Logging setup complete","mode":"dev"}
{"time":"2024-10-07T19:58:40.06434+11:00","level":"INFO","source":{"function":"main.runPeriodicDrafter","file":"/Users/joshtheeuf/Github/emaildrafter/main.go","line":212},"msg":"Starting Drafter"}
{"time":"2024-10-07T19:58:40.070114+11:00","level":"INFO","source":{"function":"main.main","file":"/Users/joshtheeuf/Github/emaildrafter/main.go","line":56},"msg":"Your app is running","host":":8080"}
{"time":"2024-10-07T19:58:55.219409+11:00","level":"INFO","source":{"function":"main.Drafter","file":"/Users/joshtheeuf/Github/emaildrafter/main.go","line":278},"msg":"Composing email for user","userID":"b682b729-71b2-4ece-905c-bdd52f86b433"}
{"time":"2024-10-07T20:09:18.368821+11:00","level":"INFO","source":{"function":"main.setupLogger","file":"/Users/joshtheeuf/Github/emaildrafter/main.go","line":135},"msg":"Logging setup complete","mode":"dev"}
{"time":"2024-10-07T20:09:18.526783+11:00","level":"INFO","source":{"function":"main.runPeriodicDrafter","file":"/Users/joshtheeuf/Github/emaildrafter/main.go","line":212},"msg":"Starting Drafter"}
{"time":"2024-10-07T20:09:18.527703+11:00","level":"INFO","source":{"function":"main.main","file":"/Users/joshtheeuf/Github/emaildrafter/main.go","line":56},"msg":"Your app is running","host":":8080"}
{"time":"2024-10-07T20:09:25.533172+11:00","level":"INFO","source":{"function":"main.setupLogger","file":"/Users/joshtheeuf/Github/emaildrafter/main.go","line":135},"msg":"Logging setup complete","mode":"dev"}
{"time":"2024-10-07T20:09:25.716446+11:00","level":"INFO","source":{"function":"main.runPeriodicDrafter","file":"/Users/joshtheeuf/Github/emaildrafter/main.go","line":212},"msg":"Starting Drafter"}
{"time":"2024-10-07T20:09:25.717184+11:00","level":"INFO","source":{"function":"main.main","file":"/Users/joshtheeuf/Github/emaildrafter/main.go","line":56},"msg":"Your app is running","host":":8080"}
{"time":"2024-10-07T20:09:40.885541+11:00","level":"INFO","source":{"function":"main.Drafter","file":"/Users/joshtheeuf/Github/emaildrafter/main.go","line":278},"msg":"Composing email for user","userID":"b682b729-71b2-4ece-905c-bdd52f86b433"}
{"time":"2024-10-07T20:09:50.64927+11:00","level":"INFO","source":{"function":"main.runPeriodicDrafter","file":"/Users/joshtheeuf/Github/emaildrafter/main.go","line":228},"msg":"Successfully ran drafter for user","userID":"b682b729-71b2-4ece-905c-bdd52f86b433"}
{"time":"2024-10-07T20:09:55.919474+11:00","level":"INFO","source":{"function":"main.Drafter","file":"/Users/joshtheeuf/Github/emaildrafter/main.go","line":278},"msg":"Composing email for user","userID":"b682b729-71b2-4ece-905c-bdd52f86b433"}
